build/app/intermediates/manifest_merge_blame_file/release/manifest-merger-blame-release-report.txt
1<?xml version="1.0" encoding="utf-8"?>
2<manifest xmlns:android="http://schemas.android.com/apk/res/android"
3    package="com.tag97.accuratelaboratory"
4    android:versionCode="1"
5    android:versionName="1.0.0" >
6
7    <uses-sdk
8        android:minSdkVersion="21"
8-->src\main\AndroidManifest.xml
9        android:targetSdkVersion="30" />
9-->src\main\AndroidManifest.xml
10
11    <uses-permission android:name="android.permission.ACCESS_NETWORK_STATE" />
11-->src\main\AndroidManifest.xml:3:6-80
11-->src\main\AndroidManifest.xml:3:23-77
12    <uses-permission android:name="android.permission.ACCESS_COARSE_LOCATION" />
12-->src\main\AndroidManifest.xml:4:5-80
12-->src\main\AndroidManifest.xml:4:22-78
13    <uses-permission android:name="android.permission.ACCESS_FINE_LOCATION" />
13-->src\main\AndroidManifest.xml:5:5-78
13-->src\main\AndroidManifest.xml:5:22-76
14    <uses-permission android:name="android.permission.ACCESS_BACKGROUND_LOCATION" />
14-->src\main\AndroidManifest.xml:6:5-84
14-->src\main\AndroidManifest.xml:6:22-82
15    <uses-permission android:name="android.permission.INTERNET" />
15-->src\main\AndroidManifest.xml:7:5-66
15-->src\main\AndroidManifest.xml:7:22-64
16    <uses-permission android:name="android.permission.RECEIVE_BOOT_COMPLETED" />
16-->[:flutter_local_notifications] AndroidManifest.xml:9:5-81
16-->[:flutter_local_notifications] AndroidManifest.xml:9:22-78
17    <uses-permission android:name="android.permission.VIBRATE" />
17-->[:flutter_local_notifications] AndroidManifest.xml:10:5-66
17-->[:flutter_local_notifications] AndroidManifest.xml:10:22-63
18    <uses-permission android:name="android.permission.USE_FULL_SCREEN_INTENT" />
18-->[:flutter_local_notifications] AndroidManifest.xml:11:5-81
18-->[:flutter_local_notifications] AndroidManifest.xml:11:22-78
19
20    <queries>
20-->[:map_launcher] AndroidManifest.xml:9:5-25:15
21        <package android:name="com.google.android.apps.maps" />
21-->[:map_launcher] AndroidManifest.xml:10:9-64
21-->[:map_launcher] AndroidManifest.xml:10:18-61
22        <package android:name="com.google.android.apps.mapslite" />
22-->[:map_launcher] AndroidManifest.xml:11:9-68
22-->[:map_launcher] AndroidManifest.xml:11:18-65
23        <package android:name="com.autonavi.minimap" />
23-->[:map_launcher] AndroidManifest.xml:12:9-56
23-->[:map_launcher] AndroidManifest.xml:12:18-53
24        <package android:name="com.baidu.BaiduMap" />
24-->[:map_launcher] AndroidManifest.xml:13:9-54
24-->[:map_launcher] AndroidManifest.xml:13:18-51
25        <package android:name="com.waze" />
25-->[:map_launcher] AndroidManifest.xml:14:9-44
25-->[:map_launcher] AndroidManifest.xml:14:18-41
26        <package android:name="ru.yandex.yandexnavi" />
26-->[:map_launcher] AndroidManifest.xml:15:9-56
26-->[:map_launcher] AndroidManifest.xml:15:18-53
27        <package android:name="ru.yandex.yandexmaps" />
27-->[:map_launcher] AndroidManifest.xml:16:9-56
27-->[:map_launcher] AndroidManifest.xml:16:18-53
28        <package android:name="com.citymapper.app.release" />
28-->[:map_launcher] AndroidManifest.xml:17:9-62
28-->[:map_launcher] AndroidManifest.xml:17:18-59
29        <package android:name="com.mapswithme.maps.pro" />
29-->[:map_launcher] AndroidManifest.xml:18:9-59
29-->[:map_launcher] AndroidManifest.xml:18:18-56
30        <package android:name="net.osmand" />
30-->[:map_launcher] AndroidManifest.xml:19:9-46
30-->[:map_launcher] AndroidManifest.xml:19:18-43
31        <package android:name="net.osmand.plus" />
31-->[:map_launcher] AndroidManifest.xml:20:9-51
31-->[:map_launcher] AndroidManifest.xml:20:18-48
32        <package android:name="ru.dublgis.dgismobile" />
32-->[:map_launcher] AndroidManifest.xml:21:9-57
32-->[:map_launcher] AndroidManifest.xml:21:18-54
33        <package android:name="com.tencent.map" />
33-->[:map_launcher] AndroidManifest.xml:22:9-51
33-->[:map_launcher] AndroidManifest.xml:22:18-48
34        <package android:name="com.here.app.maps" />
34-->[:map_launcher] AndroidManifest.xml:23:9-53
34-->[:map_launcher] AndroidManifest.xml:23:18-50
35        <package android:name="com.huawei.maps.app" />
35-->[:map_launcher] AndroidManifest.xml:24:9-55
35-->[:map_launcher] AndroidManifest.xml:24:18-52
36    </queries>
37
38    <uses-permission android:name="android.permission.POST_NOTIFICATIONS" />
38-->[com.google.firebase:firebase-messaging:23.1.2] AndroidManifest.xml:25:5-77
38-->[com.google.firebase:firebase-messaging:23.1.2] AndroidManifest.xml:25:22-74
39    <uses-permission android:name="android.permission.WAKE_LOCK" /> <!-- Required by older versions of Google Play services to create IID tokens -->
39-->[com.google.firebase:firebase-messaging:23.1.2] AndroidManifest.xml:26:5-68
39-->[com.google.firebase:firebase-messaging:23.1.2] AndroidManifest.xml:26:22-65
40    <uses-permission android:name="com.google.android.c2dm.permission.RECEIVE" />
40-->[com.google.firebase:firebase-messaging:23.1.2] AndroidManifest.xml:28:5-82
40-->[com.google.firebase:firebase-messaging:23.1.2] AndroidManifest.xml:28:22-79
41    <uses-permission android:name="com.google.android.gms.permission.AD_ID" />
41-->[com.google.android.gms:play-services-measurement-api:21.2.2] AndroidManifest.xml:25:5-79
41-->[com.google.android.gms:play-services-measurement-api:21.2.2] AndroidManifest.xml:25:22-76
42
43    <uses-feature
43-->[com.google.android.gms:play-services-maps:17.0.0] AndroidManifest.xml:26:5-28:35
44        android:glEsVersion="0x00020000"
44-->[com.google.android.gms:play-services-maps:17.0.0] AndroidManifest.xml:27:9-41
45        android:required="true" />
45-->[com.google.android.gms:play-services-maps:17.0.0] AndroidManifest.xml:28:9-32
46
47    <uses-permission android:name="com.google.android.finsky.permission.BIND_GET_INSTALL_REFERRER_SERVICE" />
47-->[com.google.android.gms:play-services-measurement:21.2.2] AndroidManifest.xml:26:5-110
47-->[com.google.android.gms:play-services-measurement:21.2.2] AndroidManifest.xml:26:22-107
48
49    <application
50        android:name="android.app.Application"
50-->src\main\AndroidManifest.xml:10:9-42
51        android:appComponentFactory="androidx.core.app.CoreComponentFactory"
51-->[androidx.core:core:1.6.0] AndroidManifest.xml:24:18-86
52        android:exported="true"
52-->src\main\AndroidManifest.xml:11:9-32
53        android:icon="@mipmap/launcher_icon"
53-->src\main\AndroidManifest.xml:12:9-45
54        android:label="accurate_laboratry" >
54-->src\main\AndroidManifest.xml:9:9-43
55        <activity
55-->src\main\AndroidManifest.xml:13:9-33:20
56            android:name="com.example.accurate_laboratry.MainActivity"
56-->src\main\AndroidManifest.xml:14:13-41
57            android:configChanges="orientation|keyboardHidden|keyboard|screenSize|smallestScreenSize|locale|layoutDirection|fontScale|screenLayout|density|uiMode"
57-->src\main\AndroidManifest.xml:18:13-163
58            android:exported="true"
58-->src\main\AndroidManifest.xml:15:13-36
59            android:hardwareAccelerated="true"
59-->src\main\AndroidManifest.xml:19:13-47
60            android:launchMode="singleTop"
60-->src\main\AndroidManifest.xml:16:13-43
61            android:theme="@style/LaunchTheme"
61-->src\main\AndroidManifest.xml:17:13-47
62            android:windowSoftInputMode="adjustResize" >
62-->src\main\AndroidManifest.xml:20:13-55
63
64            <!--
65                 Specifies an Android theme to apply to this Activity as soon as
66                 the Android process has started. This theme is visible to the user
67                 while the Flutter UI initializes. After that, this theme continues
68                 to determine the Window background behind the Flutter UI.
69            -->
70            <meta-data
70-->src\main\AndroidManifest.xml:25:13-28:17
71                android:name="io.flutter.embedding.android.NormalTheme"
71-->src\main\AndroidManifest.xml:26:15-70
72                android:resource="@style/NormalTheme" />
72-->src\main\AndroidManifest.xml:27:15-52
73
74            <intent-filter>
74-->src\main\AndroidManifest.xml:29:13-32:29
75                <action android:name="android.intent.action.MAIN" />
75-->src\main\AndroidManifest.xml:30:17-68
75-->src\main\AndroidManifest.xml:30:25-66
76
77                <category android:name="android.intent.category.LAUNCHER" />
77-->src\main\AndroidManifest.xml:31:17-76
77-->src\main\AndroidManifest.xml:31:27-74
78            </intent-filter>
79        </activity>
80        <!--
81             Don't delete the meta-data below.
82             This is used by the Flutter tool to generate GeneratedPluginRegistrant.java
83        -->
84        <meta-data
84-->src\main\AndroidManifest.xml:36:9-38:33
85            android:name="flutterEmbedding"
85-->src\main\AndroidManifest.xml:37:13-44
86            android:value="2" />
86-->src\main\AndroidManifest.xml:38:13-30
87        <meta-data
87-->src\main\AndroidManifest.xml:39:9-40:66
88            android:name="com.google.android.geo.API_KEY"
88-->src\main\AndroidManifest.xml:39:20-65
89            android:value="AIzaSyAqj8sde41vghGrR2hZySV2vaDKc5p91g4" />
89-->src\main\AndroidManifest.xml:40:9-64
90        <meta-data
90-->src\main\AndroidManifest.xml:41:10-43:54
91            android:name="com.google.firebase.messaging.default_notification_channel_id"
91-->src\main\AndroidManifest.xml:42:12-88
92            android:value="high_importance_channel" />
92-->src\main\AndroidManifest.xml:43:12-51
93        <meta-data
93-->src\main\AndroidManifest.xml:44:9-46:67
94            android:name="com.google.android.gms.version"
94-->src\main\AndroidManifest.xml:45:11-56
95            android:value="@integer/google_play_services_version" />
95-->src\main\AndroidManifest.xml:46:11-64
96
97        <service
97-->[:firebase_database] AndroidManifest.xml:10:9-14:19
98            android:name="com.google.firebase.components.ComponentDiscoveryService"
98-->[:firebase_database] AndroidManifest.xml:10:18-89
99            android:directBootAware="true"
99-->[com.google.firebase:firebase-common:20.3.2] AndroidManifest.xml:34:13-43
100            android:exported="false" >
100-->[com.google.firebase:firebase-auth:21.3.0] AndroidManifest.xml:68:13-37
101            <meta-data
101-->[:firebase_database] AndroidManifest.xml:11:13-13:85
102                android:name="com.google.firebase.components:io.flutter.plugins.firebase.database.FlutterFirebaseAppRegistrar"
102-->[:firebase_database] AndroidManifest.xml:12:17-127
103                android:value="com.google.firebase.components.ComponentRegistrar" />
103-->[:firebase_database] AndroidManifest.xml:13:17-82
104            <meta-data
104-->[:cloud_firestore] AndroidManifest.xml:11:13-13:85
105                android:name="com.google.firebase.components:io.flutter.plugins.firebase.firestore.FlutterFirebaseFirestoreRegistrar"
105-->[:cloud_firestore] AndroidManifest.xml:12:17-134
106                android:value="com.google.firebase.components.ComponentRegistrar" />
106-->[:cloud_firestore] AndroidManifest.xml:13:17-82
107            <meta-data
107-->[:firebase_auth] AndroidManifest.xml:11:13-13:85
108                android:name="com.google.firebase.components:io.flutter.plugins.firebase.auth.FlutterFirebaseAuthRegistrar"
108-->[:firebase_auth] AndroidManifest.xml:12:17-124
109                android:value="com.google.firebase.components.ComponentRegistrar" />
109-->[:firebase_auth] AndroidManifest.xml:13:17-82
110            <meta-data
110-->[:firebase_core] AndroidManifest.xml:11:13-13:85
111                android:name="com.google.firebase.components:io.flutter.plugins.firebase.core.FlutterFirebaseCoreRegistrar"
111-->[:firebase_core] AndroidManifest.xml:12:17-124
112                android:value="com.google.firebase.components.ComponentRegistrar" />
112-->[:firebase_core] AndroidManifest.xml:13:17-82
113            <meta-data
113-->[com.google.firebase:firebase-auth:21.3.0] AndroidManifest.xml:69:13-71:85
114                android:name="com.google.firebase.components:com.google.firebase.auth.FirebaseAuthRegistrar"
114-->[com.google.firebase:firebase-auth:21.3.0] AndroidManifest.xml:70:17-109
115                android:value="com.google.firebase.components.ComponentRegistrar" />
115-->[com.google.firebase:firebase-auth:21.3.0] AndroidManifest.xml:71:17-82
116            <meta-data
116-->[com.google.firebase:firebase-messaging:23.1.2] AndroidManifest.xml:55:13-57:85
117                android:name="com.google.firebase.components:com.google.firebase.messaging.FirebaseMessagingRegistrar"
117-->[com.google.firebase:firebase-messaging:23.1.2] AndroidManifest.xml:56:17-119
118                android:value="com.google.firebase.components.ComponentRegistrar" />
118-->[com.google.firebase:firebase-messaging:23.1.2] AndroidManifest.xml:57:17-82
119            <meta-data
119-->[com.google.firebase:firebase-datatransport:18.1.7] AndroidManifest.xml:27:13-29:85
120                android:name="com.google.firebase.components:com.google.firebase.datatransport.TransportRegistrar"
120-->[com.google.firebase:firebase-datatransport:18.1.7] AndroidManifest.xml:28:17-115
121                android:value="com.google.firebase.components.ComponentRegistrar" />
121-->[com.google.firebase:firebase-datatransport:18.1.7] AndroidManifest.xml:29:17-82
122            <meta-data
122-->[com.google.firebase:firebase-firestore:24.5.0] AndroidManifest.xml:19:13-21:85
123                android:name="com.google.firebase.components:com.google.firebase.firestore.FirestoreRegistrar"
123-->[com.google.firebase:firebase-firestore:24.5.0] AndroidManifest.xml:20:17-111
124                android:value="com.google.firebase.components.ComponentRegistrar" />
124-->[com.google.firebase:firebase-firestore:24.5.0] AndroidManifest.xml:21:17-82
125            <meta-data
125-->[com.google.firebase:firebase-database:20.2.0] AndroidManifest.xml:31:13-33:85
126                android:name="com.google.firebase.components:com.google.firebase.database.DatabaseRegistrar"
126-->[com.google.firebase:firebase-database:20.2.0] AndroidManifest.xml:32:17-109
127                android:value="com.google.firebase.components.ComponentRegistrar" />
127-->[com.google.firebase:firebase-database:20.2.0] AndroidManifest.xml:33:17-82
128            <meta-data
128-->[com.google.android.gms:play-services-measurement-api:21.2.2] AndroidManifest.xml:31:13-33:85
129                android:name="com.google.firebase.components:com.google.firebase.analytics.connector.internal.AnalyticsConnectorRegistrar"
129-->[com.google.android.gms:play-services-measurement-api:21.2.2] AndroidManifest.xml:32:17-139
130                android:value="com.google.firebase.components.ComponentRegistrar" />
130-->[com.google.android.gms:play-services-measurement-api:21.2.2] AndroidManifest.xml:33:17-82
131            <meta-data
131-->[com.google.firebase:firebase-installations:17.1.3] AndroidManifest.xml:17:13-19:85
132                android:name="com.google.firebase.components:com.google.firebase.installations.FirebaseInstallationsRegistrar"
132-->[com.google.firebase:firebase-installations:17.1.3] AndroidManifest.xml:18:17-127
133                android:value="com.google.firebase.components.ComponentRegistrar" />
133-->[com.google.firebase:firebase-installations:17.1.3] AndroidManifest.xml:19:17-82
134        </service>
135
136        <receiver android:name="com.dexterous.flutterlocalnotifications.ScheduledNotificationReceiver" />
136-->[:flutter_local_notifications] AndroidManifest.xml:14:9-106
136-->[:flutter_local_notifications] AndroidManifest.xml:14:19-103
137        <receiver android:name="com.dexterous.flutterlocalnotifications.ScheduledNotificationBootReceiver" >
137-->[:flutter_local_notifications] AndroidManifest.xml:15:9-22:20
137-->[:flutter_local_notifications] AndroidManifest.xml:15:19-107
138            <intent-filter>
138-->[:flutter_local_notifications] AndroidManifest.xml:16:13-21:29
139                <action android:name="android.intent.action.BOOT_COMPLETED" />
139-->[:flutter_local_notifications] AndroidManifest.xml:17:17-79
139-->[:flutter_local_notifications] AndroidManifest.xml:17:25-76
140                <action android:name="android.intent.action.MY_PACKAGE_REPLACED" />
140-->[:flutter_local_notifications] AndroidManifest.xml:18:17-84
140-->[:flutter_local_notifications] AndroidManifest.xml:18:25-81
141                <action android:name="android.intent.action.QUICKBOOT_POWERON" />
141-->[:flutter_local_notifications] AndroidManifest.xml:19:17-82
141-->[:flutter_local_notifications] AndroidManifest.xml:19:25-79
142                <action android:name="com.htc.intent.action.QUICKBOOT_POWERON" />
142-->[:flutter_local_notifications] AndroidManifest.xml:20:17-82
142-->[:flutter_local_notifications] AndroidManifest.xml:20:25-79
143            </intent-filter>
144        </receiver>
145
146        <activity
146-->[:url_launcher] AndroidManifest.xml:10:9-13:74
147            android:name="io.flutter.plugins.urllauncher.WebViewActivity"
147-->[:url_launcher] AndroidManifest.xml:11:13-74
148            android:exported="false"
148-->[:url_launcher] AndroidManifest.xml:12:13-37
149            android:theme="@android:style/Theme.NoTitleBar.Fullscreen" />
149-->[:url_launcher] AndroidManifest.xml:13:13-71
150        <activity
150-->[com.google.firebase:firebase-auth:21.3.0] AndroidManifest.xml:29:9-46:20
151            android:name="com.google.firebase.auth.internal.GenericIdpActivity"
151-->[com.google.firebase:firebase-auth:21.3.0] AndroidManifest.xml:30:13-80
152            android:excludeFromRecents="true"
152-->[com.google.firebase:firebase-auth:21.3.0] AndroidManifest.xml:31:13-46
153            android:exported="true"
153-->[com.google.firebase:firebase-auth:21.3.0] AndroidManifest.xml:32:13-36
154            android:launchMode="singleTask"
154-->[com.google.firebase:firebase-auth:21.3.0] AndroidManifest.xml:33:13-44
155            android:theme="@android:style/Theme.Translucent.NoTitleBar" >
155-->[com.google.firebase:firebase-auth:21.3.0] AndroidManifest.xml:34:13-72
156            <intent-filter>
156-->[com.google.firebase:firebase-auth:21.3.0] AndroidManifest.xml:35:13-45:29
157                <action android:name="android.intent.action.VIEW" />
157-->[com.google.firebase:firebase-auth:21.3.0] AndroidManifest.xml:36:17-69
157-->[com.google.firebase:firebase-auth:21.3.0] AndroidManifest.xml:36:25-66
158
159                <category android:name="android.intent.category.DEFAULT" />
159-->[com.google.firebase:firebase-auth:21.3.0] AndroidManifest.xml:38:17-76
159-->[com.google.firebase:firebase-auth:21.3.0] AndroidManifest.xml:38:27-73
160                <category android:name="android.intent.category.BROWSABLE" />
160-->[com.google.firebase:firebase-auth:21.3.0] AndroidManifest.xml:39:17-78
160-->[com.google.firebase:firebase-auth:21.3.0] AndroidManifest.xml:39:27-75
161
162                <data
162-->[com.google.firebase:firebase-auth:21.3.0] AndroidManifest.xml:41:17-44:51
163                    android:host="firebase.auth"
163-->[com.google.firebase:firebase-auth:21.3.0] AndroidManifest.xml:42:21-49
164                    android:path="/"
164-->[com.google.firebase:firebase-auth:21.3.0] AndroidManifest.xml:43:21-37
165                    android:scheme="genericidp" />
165-->[com.google.firebase:firebase-auth:21.3.0] AndroidManifest.xml:44:21-48
166            </intent-filter>
167        </activity>
168        <activity
168-->[com.google.firebase:firebase-auth:21.3.0] AndroidManifest.xml:47:9-64:20
169            android:name="com.google.firebase.auth.internal.RecaptchaActivity"
169-->[com.google.firebase:firebase-auth:21.3.0] AndroidManifest.xml:48:13-79
170            android:excludeFromRecents="true"
170-->[com.google.firebase:firebase-auth:21.3.0] AndroidManifest.xml:49:13-46
171            android:exported="true"
171-->[com.google.firebase:firebase-auth:21.3.0] AndroidManifest.xml:50:13-36
172            android:launchMode="singleTask"
172-->[com.google.firebase:firebase-auth:21.3.0] AndroidManifest.xml:51:13-44
173            android:theme="@android:style/Theme.Translucent.NoTitleBar" >
173-->[com.google.firebase:firebase-auth:21.3.0] AndroidManifest.xml:52:13-72
174            <intent-filter>
174-->[com.google.firebase:firebase-auth:21.3.0] AndroidManifest.xml:53:13-63:29
175                <action android:name="android.intent.action.VIEW" />
175-->[com.google.firebase:firebase-auth:21.3.0] AndroidManifest.xml:36:17-69
175-->[com.google.firebase:firebase-auth:21.3.0] AndroidManifest.xml:36:25-66
176
177                <category android:name="android.intent.category.DEFAULT" />
177-->[com.google.firebase:firebase-auth:21.3.0] AndroidManifest.xml:38:17-76
177-->[com.google.firebase:firebase-auth:21.3.0] AndroidManifest.xml:38:27-73
178                <category android:name="android.intent.category.BROWSABLE" />
178-->[com.google.firebase:firebase-auth:21.3.0] AndroidManifest.xml:39:17-78
178-->[com.google.firebase:firebase-auth:21.3.0] AndroidManifest.xml:39:27-75
179
180                <data
180-->[com.google.firebase:firebase-auth:21.3.0] AndroidManifest.xml:41:17-44:51
181                    android:host="firebase.auth"
181-->[com.google.firebase:firebase-auth:21.3.0] AndroidManifest.xml:42:21-49
182                    android:path="/"
182-->[com.google.firebase:firebase-auth:21.3.0] AndroidManifest.xml:43:21-37
183                    android:scheme="recaptcha" />
183-->[com.google.firebase:firebase-auth:21.3.0] AndroidManifest.xml:44:21-48
184            </intent-filter>
185        </activity>
186
187        <uses-library
187-->[androidx.window:window:1.0.0-beta04] AndroidManifest.xml:25:9-27:40
188            android:name="androidx.window.extensions"
188-->[androidx.window:window:1.0.0-beta04] AndroidManifest.xml:26:13-54
189            android:required="false" />
189-->[androidx.window:window:1.0.0-beta04] AndroidManifest.xml:27:13-37
190        <uses-library
190-->[androidx.window:window:1.0.0-beta04] AndroidManifest.xml:28:9-30:40
191            android:name="androidx.window.sidecar"
191-->[androidx.window:window:1.0.0-beta04] AndroidManifest.xml:29:13-51
192            android:required="false" />
192-->[androidx.window:window:1.0.0-beta04] AndroidManifest.xml:30:13-37
193
194        <receiver
194-->[com.google.firebase:firebase-messaging:23.1.2] AndroidManifest.xml:31:9-38:20
195            android:name="com.google.firebase.iid.FirebaseInstanceIdReceiver"
195-->[com.google.firebase:firebase-messaging:23.1.2] AndroidManifest.xml:32:13-78
196            android:exported="true"
196-->[com.google.firebase:firebase-messaging:23.1.2] AndroidManifest.xml:33:13-36
197            android:permission="com.google.android.c2dm.permission.SEND" >
197-->[com.google.firebase:firebase-messaging:23.1.2] AndroidManifest.xml:34:13-73
198            <intent-filter>
198-->[com.google.firebase:firebase-messaging:23.1.2] AndroidManifest.xml:35:13-37:29
199                <action android:name="com.google.android.c2dm.intent.RECEIVE" />
199-->[com.google.firebase:firebase-messaging:23.1.2] AndroidManifest.xml:36:17-81
199-->[com.google.firebase:firebase-messaging:23.1.2] AndroidManifest.xml:36:25-78
200            </intent-filter>
201        </receiver>
202        <!--
203             FirebaseMessagingService performs security checks at runtime,
204             but set to not exported to explicitly avoid allowing another app to call it.
205        -->
206        <service
206-->[com.google.firebase:firebase-messaging:23.1.2] AndroidManifest.xml:44:9-51:19
207            android:name="com.google.firebase.messaging.FirebaseMessagingService"
207-->[com.google.firebase:firebase-messaging:23.1.2] AndroidManifest.xml:45:13-82
208            android:directBootAware="true"
208-->[com.google.firebase:firebase-messaging:23.1.2] AndroidManifest.xml:46:13-43
209            android:exported="false" >
209-->[com.google.firebase:firebase-messaging:23.1.2] AndroidManifest.xml:47:13-37
210            <intent-filter android:priority="-500" >
210-->[com.google.firebase:firebase-messaging:23.1.2] AndroidManifest.xml:48:13-50:29
210-->[com.google.firebase:firebase-messaging:23.1.2] AndroidManifest.xml:48:28-51
211                <action android:name="com.google.firebase.MESSAGING_EVENT" />
211-->[com.google.firebase:firebase-messaging:23.1.2] AndroidManifest.xml:49:17-78
211-->[com.google.firebase:firebase-messaging:23.1.2] AndroidManifest.xml:49:25-75
212            </intent-filter>
213        </service>
214        <service
214-->[com.google.android.datatransport:transport-backend-cct:3.1.8] AndroidManifest.xml:28:9-34:19
215            android:name="com.google.android.datatransport.runtime.backends.TransportBackendDiscovery"
215-->[com.google.android.datatransport:transport-backend-cct:3.1.8] AndroidManifest.xml:29:13-103
216            android:exported="false" >
216-->[com.google.android.datatransport:transport-backend-cct:3.1.8] AndroidManifest.xml:30:13-37
217            <meta-data
217-->[com.google.android.datatransport:transport-backend-cct:3.1.8] AndroidManifest.xml:31:13-33:39
218                android:name="backend:com.google.android.datatransport.cct.CctBackendFactory"
218-->[com.google.android.datatransport:transport-backend-cct:3.1.8] AndroidManifest.xml:32:17-94
219                android:value="cct" />
219-->[com.google.android.datatransport:transport-backend-cct:3.1.8] AndroidManifest.xml:33:17-36
220        </service>
221        <service
221-->[com.google.android.datatransport:transport-runtime:3.1.8] AndroidManifest.xml:26:9-30:19
222            android:name="com.google.android.datatransport.runtime.scheduling.jobscheduling.JobInfoSchedulerService"
222-->[com.google.android.datatransport:transport-runtime:3.1.8] AndroidManifest.xml:27:13-117
223            android:exported="false"
223-->[com.google.android.datatransport:transport-runtime:3.1.8] AndroidManifest.xml:28:13-37
224            android:permission="android.permission.BIND_JOB_SERVICE" >
224-->[com.google.android.datatransport:transport-runtime:3.1.8] AndroidManifest.xml:29:13-69
225        </service>
226
227        <receiver
227-->[com.google.android.datatransport:transport-runtime:3.1.8] AndroidManifest.xml:32:9-34:40
228            android:name="com.google.android.datatransport.runtime.scheduling.jobscheduling.AlarmManagerSchedulerBroadcastReceiver"
228-->[com.google.android.datatransport:transport-runtime:3.1.8] AndroidManifest.xml:33:13-132
229            android:exported="false" />
229-->[com.google.android.datatransport:transport-runtime:3.1.8] AndroidManifest.xml:34:13-37
230
231        <provider
231-->[com.google.firebase:firebase-common:20.3.2] AndroidManifest.xml:25:9-30:39
232            android:name="com.google.firebase.provider.FirebaseInitProvider"
232-->[com.google.firebase:firebase-common:20.3.2] AndroidManifest.xml:26:13-77
233            android:authorities="com.tag97.accuratelaboratory.firebaseinitprovider"
233-->[com.google.firebase:firebase-common:20.3.2] AndroidManifest.xml:27:13-72
234            android:directBootAware="true"
234-->[com.google.firebase:firebase-common:20.3.2] AndroidManifest.xml:28:13-43
235            android:exported="false"
235-->[com.google.firebase:firebase-common:20.3.2] AndroidManifest.xml:29:13-37
236            android:initOrder="100" /> <!-- Needs to be explicitly declared on P+ -->
236-->[com.google.firebase:firebase-common:20.3.2] AndroidManifest.xml:30:13-36
237        <uses-library
237-->[com.google.android.gms:play-services-maps:17.0.0] AndroidManifest.xml:33:9-35:40
238            android:name="org.apache.http.legacy"
238-->[com.google.android.gms:play-services-maps:17.0.0] AndroidManifest.xml:34:13-50
239            android:required="false" />
239-->[com.google.android.gms:play-services-maps:17.0.0] AndroidManifest.xml:35:13-37
240
241        <receiver
241-->[com.google.android.gms:play-services-measurement:21.2.2] AndroidManifest.xml:29:9-33:20
242            android:name="com.google.android.gms.measurement.AppMeasurementReceiver"
242-->[com.google.android.gms:play-services-measurement:21.2.2] AndroidManifest.xml:30:13-85
243            android:enabled="true"
243-->[com.google.android.gms:play-services-measurement:21.2.2] AndroidManifest.xml:31:13-35
244            android:exported="false" >
244-->[com.google.android.gms:play-services-measurement:21.2.2] AndroidManifest.xml:32:13-37
245        </receiver>
246
247        <service
247-->[com.google.android.gms:play-services-measurement:21.2.2] AndroidManifest.xml:35:9-38:40
248            android:name="com.google.android.gms.measurement.AppMeasurementService"
248-->[com.google.android.gms:play-services-measurement:21.2.2] AndroidManifest.xml:36:13-84
249            android:enabled="true"
249-->[com.google.android.gms:play-services-measurement:21.2.2] AndroidManifest.xml:37:13-35
250            android:exported="false" />
250-->[com.google.android.gms:play-services-measurement:21.2.2] AndroidManifest.xml:38:13-37
251        <service
251-->[com.google.android.gms:play-services-measurement:21.2.2] AndroidManifest.xml:39:9-43:72
252            android:name="com.google.android.gms.measurement.AppMeasurementJobService"
252-->[com.google.android.gms:play-services-measurement:21.2.2] AndroidManifest.xml:40:13-87
253            android:enabled="true"
253-->[com.google.android.gms:play-services-measurement:21.2.2] AndroidManifest.xml:41:13-35
254            android:exported="false"
254-->[com.google.android.gms:play-services-measurement:21.2.2] AndroidManifest.xml:42:13-37
255            android:permission="android.permission.BIND_JOB_SERVICE" />
255-->[com.google.android.gms:play-services-measurement:21.2.2] AndroidManifest.xml:43:13-69
256
257        <activity
257-->[com.google.android.gms:play-services-base:18.1.0] AndroidManifest.xml:20:9-22:45
258            android:name="com.google.android.gms.common.api.GoogleApiActivity"
258-->[com.google.android.gms:play-services-base:18.1.0] AndroidManifest.xml:20:19-85